<?xml version="1.0" encoding="UTF-8" ?>
<testsuite tests="5" failures="0" name="gov.ic.geoint.bulleit.HttpReverseProxyTest" time="0.058" errors="0" skipped="5">
  <properties>
    <property name="java.runtime.name" value="Java(TM) SE Runtime Environment"/>
    <property name="sun.boot.library.path" value="/usr/java/jdk1.8.0_40/jre/lib/amd64"/>
    <property name="java.vm.version" value="25.40-b25"/>
    <property name="url" value="http://127.0.0.1:8080/repository/internal/"/>
    <property name="java.vm.vendor" value="Oracle Corporation"/>
    <property name="java.vendor.url" value="http://java.oracle.com/"/>
    <property name="path.separator" value=":"/>
    <property name="guice.disable.misplaced.annotation.check" value="true"/>
    <property name="java.vm.name" value="Java HotSpot(TM) 64-Bit Server VM"/>
    <property name="file.encoding.pkg" value="sun.io"/>
    <property name="user.country" value="US"/>
    <property name="sun.java.launcher" value="SUN_STANDARD"/>
    <property name="sun.os.patch.level" value="unknown"/>
    <property name="java.vm.specification.name" value="Java Virtual Machine Specification"/>
    <property name="user.dir" value="/home/ted_przyzycki/Projects/bulleit"/>
    <property name="java.runtime.version" value="1.8.0_40-b26"/>
    <property name="java.awt.graphicsenv" value="sun.awt.X11GraphicsEnvironment"/>
    <property name="java.endorsed.dirs" value="/usr/java/jdk1.8.0_40/jre/lib/endorsed"/>
    <property name="os.arch" value="amd64"/>
    <property name="java.io.tmpdir" value="/tmp"/>
    <property name="line.separator" value="
"/>
    <property name="java.vm.specification.vendor" value="Oracle Corporation"/>
    <property name="os.name" value="Linux"/>
    <property name="packaging" value="jar"/>
    <property name="classworlds.conf" value="/home/ted_przyzycki/Applications/netbeans-8.0.2/java/maven/bin/m2.conf"/>
    <property name="sun.jnu.encoding" value="UTF-8"/>
    <property name="file" value="target/bulleit-1.0.jar"/>
    <property name="java.library.path" value="/usr/java/packages/lib/amd64:/usr/lib64:/lib64:/lib:/usr/lib"/>
    <property name="java.specification.name" value="Java Platform API Specification"/>
    <property name="java.class.version" value="52.0"/>
    <property name="artifactId" value="bulleit"/>
    <property name="sun.management.compiler" value="HotSpot 64-Bit Tiered Compilers"/>
    <property name="os.version" value="2.6.32-573.3.1.el6.x86_64"/>
    <property name="user.home" value="/home/ted_przyzycki"/>
    <property name="user.timezone" value="US/Eastern"/>
    <property name="java.awt.printerjob" value="sun.print.PSPrinterJob"/>
    <property name="java.specification.version" value="1.8"/>
    <property name="file.encoding" value="UTF-8"/>
    <property name="password" value="jenkins1"/>
    <property name="user.name" value="ted_przyzycki"/>
    <property name="java.class.path" value="/home/ted_przyzycki/Applications/netbeans-8.0.2/java/maven/boot/plexus-classworlds-2.4.jar"/>
    <property name="username" value="jenkins"/>
    <property name="java.vm.specification.version" value="1.8"/>
    <property name="sun.arch.data.model" value="64"/>
    <property name="java.home" value="/usr/java/jdk1.8.0_40/jre"/>
    <property name="sun.java.command" value="org.codehaus.plexus.classworlds.launcher.Launcher package deploy:deploy-file -Dfile=target/bulleit-1.0.jar -DgroupId=gov.ic.geoint -DartifactId=bulleit -Dversion=1.0 -Dpackaging=jar -Durl=http://127.0.0.1:8080/repository/internal/ -Dusername=jenkins -Dpassword=jenkins1"/>
    <property name="java.specification.vendor" value="Oracle Corporation"/>
    <property name="user.language" value="en"/>
    <property name="awt.toolkit" value="sun.awt.X11.XToolkit"/>
    <property name="java.vm.info" value="mixed mode"/>
    <property name="java.version" value="1.8.0_40"/>
    <property name="java.ext.dirs" value="/usr/java/jdk1.8.0_40/jre/lib/ext:/usr/java/packages/lib/ext"/>
    <property name="securerandom.source" value="file:/dev/./urandom"/>
    <property name="sun.boot.class.path" value="/usr/java/jdk1.8.0_40/jre/lib/resources.jar:/usr/java/jdk1.8.0_40/jre/lib/rt.jar:/usr/java/jdk1.8.0_40/jre/lib/sunrsasign.jar:/usr/java/jdk1.8.0_40/jre/lib/jsse.jar:/usr/java/jdk1.8.0_40/jre/lib/jce.jar:/usr/java/jdk1.8.0_40/jre/lib/charsets.jar:/usr/java/jdk1.8.0_40/jre/lib/jfr.jar:/usr/java/jdk1.8.0_40/jre/classes"/>
    <property name="java.vendor" value="Oracle Corporation"/>
    <property name="maven.home" value="/home/ted_przyzycki/Applications/netbeans-8.0.2/java/maven"/>
    <property name="file.separator" value="/"/>
    <property name="java.vendor.url.bug" value="http://bugreport.sun.com/bugreport/"/>
    <property name="sun.cpu.endian" value="little"/>
    <property name="sun.io.unicode.encoding" value="UnicodeLittle"/>
    <property name="version" value="1.0"/>
    <property name="groupId" value="gov.ic.geoint"/>
    <property name="sun.desktop" value="gnome"/>
    <property name="sun.cpu.isalist" value=""/>
  </properties>
  <testcase classname="gov.ic.geoint.bulleit.HttpReverseProxyTest" name="testNyt" time="0">
    <skipped/>
  </testcase>
  <testcase classname="gov.ic.geoint.bulleit.HttpReverseProxyTest" name="testMain" time="0.007">
    <skipped/>
  </testcase>
  <testcase classname="gov.ic.geoint.bulleit.HttpReverseProxyTest" name="testGetMain" time="0.007">
    <skipped/>
  </testcase>
  <testcase classname="gov.ic.geoint.bulleit.HttpReverseProxyTest" name="testGetHttpsMain" time="0.007">
    <skipped/>
  </testcase>
  <testcase classname="gov.ic.geoint.bulleit.HttpReverseProxyTest" name="testGetNyt" time="0.007">
    <skipped/>
  </testcase>
</testsuite>